<?xml version="1.0" encoding="UTF-8"?>
<testsuite name="AuthorTest" tests="3" skipped="0" failures="0" errors="0" timestamp="2024-01-28T08:51:34" hostname="DESKTOP-9IPBSNF" time="0.038">
  <properties/>
  <testcase name="getAddress()" classname="AuthorTest" time="0.033"/>
  <testcase name="getName()" classname="AuthorTest" time="0.001"/>
  <testcase name="getEmail()" classname="AuthorTest" time="0.001"/>
  <system-out><![CDATA[]]></system-out>
  <system-err><![CDATA[]]></system-err>
</testsuite>
